{"/Users/Junaid/Downloads/Full 2nd Book/Exploring_ES6/Chapter-10/Parameter_scope.js": {"path":"/Users/Junaid/Downloads/Full 2nd Book/Exploring_ES6/Chapter-10/Parameter_scope.js","statementMap":{"0":{"start":{"line":1,"column":12},"end":{"line":1,"column":37}},"1":{"start":{"line":3,"column":17},"end":{"line":6,"column":1}},"2":{"start":{"line":3,"column":30},"end":{"line":3,"column":35}},"3":{"start":{"line":4,"column":14},"end":{"line":4,"column":37}},"4":{"start":{"line":5,"column":2},"end":{"line":5,"column":16}},"5":{"start":{"line":8,"column":21},"end":{"line":11,"column":1}},"6":{"start":{"line":9,"column":14},"end":{"line":9,"column":45}},"7":{"start":{"line":10,"column":2},"end":{"line":10,"column":16}},"8":{"start":{"line":13,"column":17},"end":{"line":15,"column":1}},"9":{"start":{"line":14,"column":2},"end":{"line":14,"column":43}},"10":{"start":{"line":14,"column":35},"end":{"line":14,"column":40}},"11":{"start":{"line":17,"column":0},"end":{"line":17,"column":40}}},"fnMap":{"0":{"name":"(anonymous_0)","decl":{"start":{"line":3,"column":17},"end":{"line":3,"column":18}},"loc":{"start":{"line":3,"column":40},"end":{"line":6,"column":1}},"line":3},"1":{"name":"(anonymous_1)","decl":{"start":{"line":3,"column":25},"end":{"line":3,"column":26}},"loc":{"start":{"line":3,"column":30},"end":{"line":3,"column":35}},"line":3},"2":{"name":"(anonymous_2)","decl":{"start":{"line":8,"column":21},"end":{"line":8,"column":22}},"loc":{"start":{"line":8,"column":29},"end":{"line":11,"column":1}},"line":8},"3":{"name":"(anonymous_3)","decl":{"start":{"line":13,"column":17},"end":{"line":13,"column":18}},"loc":{"start":{"line":13,"column":23},"end":{"line":15,"column":1}},"line":13},"4":{"name":"(anonymous_4)","decl":{"start":{"line":14,"column":30},"end":{"line":14,"column":31}},"loc":{"start":{"line":14,"column":35},"end":{"line":14,"column":40}},"line":14}},"branchMap":{"0":{"loc":{"start":{"line":3,"column":18},"end":{"line":3,"column":35}},"type":"default-arg","locations":[{"start":{"line":3,"column":25},"end":{"line":3,"column":35}}],"line":3}},"s":{"0":1,"1":1,"2":1,"3":1,"4":1,"5":1,"6":1,"7":1,"8":1,"9":1,"10":1,"11":1},"f":{"0":1,"1":1,"2":1,"3":1,"4":1},"b":{"0":[1]},"_coverageSchema":"1a1c01bbd47fc00a2c39e90264f33305004495a9","hash":"2fecfeaa9cc806b871a313eb4323ade703f6d5df"}
,"/Users/Junaid/Downloads/Full 2nd Book/Exploring_ES6/Chapter-10/Shadow_scope.js": {"path":"/Users/Junaid/Downloads/Full 2nd Book/Exploring_ES6/Chapter-10/Shadow_scope.js","statementMap":{"0":{"start":{"line":1,"column":12},"end":{"line":1,"column":36}},"1":{"start":{"line":2,"column":19},"end":{"line":8,"column":1}},"2":{"start":{"line":3,"column":14},"end":{"line":3,"column":37}},"3":{"start":{"line":4,"column":2},"end":{"line":7,"column":3}},"4":{"start":{"line":5,"column":16},"end":{"line":5,"column":70}},"5":{"start":{"line":6,"column":4},"end":{"line":6,"column":17}},"6":{"start":{"line":10,"column":0},"end":{"line":10,"column":26}},"7":{"start":{"line":12,"column":0},"end":{"line":12,"column":32}}},"fnMap":{"0":{"name":"(anonymous_0)","decl":{"start":{"line":2,"column":19},"end":{"line":2,"column":20}},"loc":{"start":{"line":2,"column":25},"end":{"line":8,"column":1}},"line":2}},"branchMap":{"0":{"loc":{"start":{"line":4,"column":2},"end":{"line":7,"column":3}},"type":"if","locations":[{"start":{"line":4,"column":2},"end":{"line":7,"column":3}},{"start":{"line":4,"column":2},"end":{"line":7,"column":3}}],"line":4}},"s":{"0":1,"1":1,"2":2,"3":2,"4":2,"5":2,"6":1,"7":1},"f":{"0":2},"b":{"0":[2,0]},"_coverageSchema":"1a1c01bbd47fc00a2c39e90264f33305004495a9","hash":"08dbc12d80facf8d86c82716296436a89f4298c7"}
,"/Users/Junaid/Downloads/Full 2nd Book/Exploring_ES6/Chapter-10/forLoop.js": {"path":"/Users/Junaid/Downloads/Full 2nd Book/Exploring_ES6/Chapter-10/forLoop.js","statementMap":{"0":{"start":{"line":1,"column":16},"end":{"line":7,"column":1}},"1":{"start":{"line":2,"column":2},"end":{"line":2,"column":11}},"2":{"start":{"line":3,"column":2},"end":{"line":5,"column":3}},"3":{"start":{"line":3,"column":15},"end":{"line":3,"column":16}},"4":{"start":{"line":4,"column":4},"end":{"line":4,"column":22}},"5":{"start":{"line":4,"column":19},"end":{"line":4,"column":20}},"6":{"start":{"line":6,"column":2},"end":{"line":6,"column":27}},"7":{"start":{"line":6,"column":22},"end":{"line":6,"column":25}},"8":{"start":{"line":9,"column":16},"end":{"line":15,"column":1}},"9":{"start":{"line":10,"column":2},"end":{"line":10,"column":11}},"10":{"start":{"line":11,"column":2},"end":{"line":13,"column":3}},"11":{"start":{"line":11,"column":15},"end":{"line":11,"column":16}},"12":{"start":{"line":12,"column":4},"end":{"line":12,"column":22}},"13":{"start":{"line":12,"column":19},"end":{"line":12,"column":20}},"14":{"start":{"line":14,"column":2},"end":{"line":14,"column":27}},"15":{"start":{"line":14,"column":22},"end":{"line":14,"column":25}},"16":{"start":{"line":17,"column":0},"end":{"line":17,"column":23}},"17":{"start":{"line":18,"column":0},"end":{"line":18,"column":23}},"18":{"start":{"line":20,"column":0},"end":{"line":20,"column":38}}},"fnMap":{"0":{"name":"(anonymous_0)","decl":{"start":{"line":1,"column":16},"end":{"line":1,"column":17}},"loc":{"start":{"line":1,"column":22},"end":{"line":7,"column":1}},"line":1},"1":{"name":"(anonymous_1)","decl":{"start":{"line":4,"column":13},"end":{"line":4,"column":14}},"loc":{"start":{"line":4,"column":19},"end":{"line":4,"column":20}},"line":4},"2":{"name":"(anonymous_2)","decl":{"start":{"line":6,"column":17},"end":{"line":6,"column":18}},"loc":{"start":{"line":6,"column":22},"end":{"line":6,"column":25}},"line":6},"3":{"name":"(anonymous_3)","decl":{"start":{"line":9,"column":16},"end":{"line":9,"column":17}},"loc":{"start":{"line":9,"column":22},"end":{"line":15,"column":1}},"line":9},"4":{"name":"(anonymous_4)","decl":{"start":{"line":12,"column":13},"end":{"line":12,"column":14}},"loc":{"start":{"line":12,"column":19},"end":{"line":12,"column":20}},"line":12},"5":{"name":"(anonymous_5)","decl":{"start":{"line":14,"column":17},"end":{"line":14,"column":18}},"loc":{"start":{"line":14,"column":22},"end":{"line":14,"column":25}},"line":14}},"branchMap":{},"s":{"0":1,"1":2,"2":2,"3":2,"4":6,"5":6,"6":2,"7":6,"8":1,"9":2,"10":2,"11":2,"12":6,"13":6,"14":2,"15":6,"16":1,"17":1,"18":1},"f":{"0":2,"1":6,"2":6,"3":2,"4":6,"5":6},"b":{},"_coverageSchema":"1a1c01bbd47fc00a2c39e90264f33305004495a9","hash":"fae874a80624ea3cc42b3aff59ef3c07a4ef3ba8"}
,"/Users/Junaid/Downloads/Full 2nd Book/Exploring_ES6/Chapter-11/Default_patterns.js": {"path":"/Users/Junaid/Downloads/Full 2nd Book/Exploring_ES6/Chapter-11/Default_patterns.js","statementMap":{"0":{"start":{"line":1,"column":22},"end":{"line":5,"column":1}},"1":{"start":{"line":2,"column":24},"end":{"line":2,"column":43}},"2":{"start":{"line":3,"column":25},"end":{"line":3,"column":49}},"3":{"start":{"line":4,"column":2},"end":{"line":4,"column":31}},"4":{"start":{"line":7,"column":21},"end":{"line":14,"column":1}},"5":{"start":{"line":8,"column":30},"end":{"line":8,"column":51}},"6":{"start":{"line":9,"column":19},"end":{"line":9,"column":22}},"7":{"start":{"line":10,"column":23},"end":{"line":10,"column":25}},"8":{"start":{"line":11,"column":23},"end":{"line":11,"column":26}},"9":{"start":{"line":12,"column":23},"end":{"line":12,"column":29}},"10":{"start":{"line":13,"column":2},"end":{"line":13,"column":104}},"11":{"start":{"line":16,"column":23},"end":{"line":20,"column":1}},"12":{"start":{"line":17,"column":51},"end":{"line":17,"column":53}},"13":{"start":{"line":18,"column":41},"end":{"line":18,"column":45}},"14":{"start":{"line":19,"column":2},"end":{"line":19,"column":55}},"15":{"start":{"line":22,"column":0},"end":{"line":22,"column":65}}},"fnMap":{"0":{"name":"(anonymous_0)","decl":{"start":{"line":1,"column":22},"end":{"line":1,"column":23}},"loc":{"start":{"line":1,"column":28},"end":{"line":5,"column":1}},"line":1},"1":{"name":"(anonymous_1)","decl":{"start":{"line":7,"column":21},"end":{"line":7,"column":22}},"loc":{"start":{"line":7,"column":27},"end":{"line":14,"column":1}},"line":7},"2":{"name":"(anonymous_2)","decl":{"start":{"line":16,"column":23},"end":{"line":16,"column":24}},"loc":{"start":{"line":16,"column":29},"end":{"line":20,"column":1}},"line":16}},"branchMap":{"0":{"loc":{"start":{"line":2,"column":14},"end":{"line":2,"column":19}},"type":"default-arg","locations":[{"start":{"line":2,"column":18},"end":{"line":2,"column":19}}],"line":2},"1":{"loc":{"start":{"line":3,"column":14},"end":{"line":3,"column":20}},"type":"default-arg","locations":[{"start":{"line":3,"column":18},"end":{"line":3,"column":20}}],"line":3},"2":{"loc":{"start":{"line":8,"column":16},"end":{"line":8,"column":26}},"type":"default-arg","locations":[{"start":{"line":8,"column":22},"end":{"line":8,"column":26}}],"line":8},"3":{"loc":{"start":{"line":9,"column":7},"end":{"line":9,"column":12}},"type":"default-arg","locations":[{"start":{"line":9,"column":11},"end":{"line":9,"column":12}}],"line":9},"4":{"loc":{"start":{"line":10,"column":7},"end":{"line":10,"column":12}},"type":"default-arg","locations":[{"start":{"line":10,"column":11},"end":{"line":10,"column":12}}],"line":10},"5":{"loc":{"start":{"line":10,"column":14},"end":{"line":10,"column":19}},"type":"default-arg","locations":[{"start":{"line":10,"column":18},"end":{"line":10,"column":19}}],"line":10},"6":{"loc":{"start":{"line":11,"column":7},"end":{"line":11,"column":12}},"type":"default-arg","locations":[{"start":{"line":11,"column":11},"end":{"line":11,"column":12}}],"line":11},"7":{"loc":{"start":{"line":11,"column":14},"end":{"line":11,"column":19}},"type":"default-arg","locations":[{"start":{"line":11,"column":18},"end":{"line":11,"column":19}}],"line":11},"8":{"loc":{"start":{"line":12,"column":7},"end":{"line":12,"column":12}},"type":"default-arg","locations":[{"start":{"line":12,"column":11},"end":{"line":12,"column":12}}],"line":12},"9":{"loc":{"start":{"line":12,"column":14},"end":{"line":12,"column":19}},"type":"default-arg","locations":[{"start":{"line":12,"column":18},"end":{"line":12,"column":19}}],"line":12},"10":{"loc":{"start":{"line":17,"column":7},"end":{"line":17,"column":47}},"type":"default-arg","locations":[{"start":{"line":17,"column":30},"end":{"line":17,"column":47}}],"line":17},"11":{"loc":{"start":{"line":18,"column":21},"end":{"line":18,"column":35}},"type":"default-arg","locations":[{"start":{"line":18,"column":32},"end":{"line":18,"column":35}}],"line":18}},"s":{"0":1,"1":1,"2":1,"3":1,"4":1,"5":1,"6":1,"7":1,"8":1,"9":1,"10":1,"11":1,"12":1,"13":1,"14":1,"15":1},"f":{"0":1,"1":1,"2":1},"b":{"0":[1],"1":[1],"2":[1],"3":[0],"4":[1],"5":[1],"6":[0],"7":[1],"8":[0],"9":[0],"10":[1],"11":[1]},"_coverageSchema":"1a1c01bbd47fc00a2c39e90264f33305004495a9","hash":"b6621202ff88fce1376cedb2396efb24b9945015"}
,"/Users/Junaid/Downloads/Full 2nd Book/Exploring_ES6/Chapter-11/Destructuring_types.js": {"path":"/Users/Junaid/Downloads/Full 2nd Book/Exploring_ES6/Chapter-11/Destructuring_types.js","statementMap":{"0":{"start":{"line":1,"column":23},"end":{"line":5,"column":1}},"1":{"start":{"line":2,"column":12},"end":{"line":2,"column":39}},"2":{"start":{"line":3,"column":22},"end":{"line":3,"column":25}},"3":{"start":{"line":4,"column":2},"end":{"line":4,"column":51}},"4":{"start":{"line":7,"column":25},"end":{"line":11,"column":1}},"5":{"start":{"line":8,"column":12},"end":{"line":8,"column":32}},"6":{"start":{"line":9,"column":18},"end":{"line":9,"column":21}},"7":{"start":{"line":10,"column":2},"end":{"line":10,"column":11}},"8":{"start":{"line":13,"column":26},"end":{"line":16,"column":1}},"9":{"start":{"line":14,"column":18},"end":{"line":14,"column":23}},"10":{"start":{"line":15,"column":2},"end":{"line":15,"column":31}},"11":{"start":{"line":15,"column":28},"end":{"line":15,"column":29}},"12":{"start":{"line":17,"column":0},"end":{"line":17,"column":73}}},"fnMap":{"0":{"name":"(anonymous_0)","decl":{"start":{"line":1,"column":23},"end":{"line":1,"column":24}},"loc":{"start":{"line":1,"column":29},"end":{"line":5,"column":1}},"line":1},"1":{"name":"(anonymous_1)","decl":{"start":{"line":7,"column":25},"end":{"line":7,"column":26}},"loc":{"start":{"line":7,"column":31},"end":{"line":11,"column":1}},"line":7},"2":{"name":"(anonymous_2)","decl":{"start":{"line":13,"column":26},"end":{"line":13,"column":27}},"loc":{"start":{"line":13,"column":35},"end":{"line":16,"column":1}},"line":13},"3":{"name":"(anonymous_3)","decl":{"start":{"line":15,"column":23},"end":{"line":15,"column":24}},"loc":{"start":{"line":15,"column":28},"end":{"line":15,"column":29}},"line":15}},"branchMap":{},"s":{"0":1,"1":1,"2":1,"3":1,"4":1,"5":1,"6":1,"7":1,"8":1,"9":1,"10":1,"11":3,"12":1},"f":{"0":1,"1":1,"2":1,"3":3},"b":{},"_coverageSchema":"1a1c01bbd47fc00a2c39e90264f33305004495a9","hash":"7ed50889af80f8e97efd78fd66922dda807213b7"}
,"/Users/Junaid/Downloads/Full 2nd Book/Exploring_ES6/Chapter-11/Symbol_destructuring.js": {"path":"/Users/Junaid/Downloads/Full 2nd Book/Exploring_ES6/Chapter-11/Symbol_destructuring.js","statementMap":{"0":{"start":{"line":1,"column":28},"end":{"line":12,"column":1}},"1":{"start":{"line":2,"column":14},"end":{"line":2,"column":22}},"2":{"start":{"line":3,"column":12},"end":{"line":8,"column":3}},"3":{"start":{"line":9,"column":31},"end":{"line":9,"column":34}},"4":{"start":{"line":10,"column":31},"end":{"line":10,"column":34}},"5":{"start":{"line":11,"column":2},"end":{"line":11,"column":77}},"6":{"start":{"line":13,"column":0},"end":{"line":13,"column":35}},"7":{"start":{"line":14,"column":0},"end":{"line":14,"column":41}}},"fnMap":{"0":{"name":"(anonymous_0)","decl":{"start":{"line":1,"column":28},"end":{"line":1,"column":29}},"loc":{"start":{"line":1,"column":34},"end":{"line":12,"column":1}},"line":1}},"branchMap":{"0":{"loc":{"start":{"line":10,"column":15},"end":{"line":10,"column":26}},"type":"default-arg","locations":[{"start":{"line":10,"column":23},"end":{"line":10,"column":26}}],"line":10}},"s":{"0":1,"1":2,"2":2,"3":2,"4":2,"5":2,"6":1,"7":1},"f":{"0":2},"b":{"0":[2]},"_coverageSchema":"1a1c01bbd47fc00a2c39e90264f33305004495a9","hash":"9fc0c1333537deb6c17cfe83e61d9da44f5a8c21"}
,"/Users/Junaid/Downloads/Full 2nd Book/Exploring_ES6/Chapter-11/nested_patterns.js": {"path":"/Users/Junaid/Downloads/Full 2nd Book/Exploring_ES6/Chapter-11/nested_patterns.js","statementMap":{"0":{"start":{"line":1,"column":23},"end":{"line":18,"column":1}},"1":{"start":{"line":2,"column":12},"end":{"line":9,"column":3}},"2":{"start":{"line":12,"column":6},"end":{"line":12,"column":9}},"3":{"start":{"line":15,"column":6},"end":{"line":15,"column":9}},"4":{"start":{"line":17,"column":2},"end":{"line":17,"column":79}},"5":{"start":{"line":19,"column":0},"end":{"line":19,"column":30}},"6":{"start":{"line":20,"column":0},"end":{"line":20,"column":36}}},"fnMap":{"0":{"name":"(anonymous_0)","decl":{"start":{"line":1,"column":23},"end":{"line":1,"column":24}},"loc":{"start":{"line":1,"column":29},"end":{"line":18,"column":1}},"line":1}},"branchMap":{},"s":{"0":1,"1":2,"2":2,"3":2,"4":2,"5":1,"6":1},"f":{"0":2},"b":{},"_coverageSchema":"1a1c01bbd47fc00a2c39e90264f33305004495a9","hash":"6b12579125fb4450f7cc33457a515a20a533de09"}
,"/Users/Junaid/Downloads/Full 2nd Book/Exploring_ES6/Chapter-13/arrowfunc_this.js": {"path":"/Users/Junaid/Downloads/Full 2nd Book/Exploring_ES6/Chapter-13/arrowfunc_this.js","statementMap":{"0":{"start":{"line":1,"column":11},"end":{"line":1,"column":33}},"1":{"start":{"line":3,"column":0},"end":{"line":13,"column":2}},"2":{"start":{"line":5,"column":18},"end":{"line":5,"column":27}},"3":{"start":{"line":8,"column":21},"end":{"line":10,"column":5}},"4":{"start":{"line":9,"column":6},"end":{"line":9,"column":23}},"5":{"start":{"line":11,"column":4},"end":{"line":11,"column":22}},"6":{"start":{"line":14,"column":0},"end":{"line":14,"column":25}},"7":{"start":{"line":15,"column":0},"end":{"line":17,"column":2}}},"fnMap":{"0":{"name":"(anonymous_0)","decl":{"start":{"line":5,"column":12},"end":{"line":5,"column":13}},"loc":{"start":{"line":5,"column":18},"end":{"line":5,"column":27}},"line":5},"1":{"name":"(anonymous_1)","decl":{"start":{"line":7,"column":2},"end":{"line":7,"column":3}},"loc":{"start":{"line":7,"column":10},"end":{"line":12,"column":3}},"line":7},"2":{"name":"(anonymous_2)","decl":{"start":{"line":8,"column":21},"end":{"line":8,"column":22}},"loc":{"start":{"line":8,"column":27},"end":{"line":10,"column":5}},"line":8}},"branchMap":{},"s":{"0":1,"1":1,"2":1,"3":2,"4":2,"5":2,"6":1,"7":1},"f":{"0":1,"1":2,"2":2},"b":{},"_coverageSchema":"1a1c01bbd47fc00a2c39e90264f33305004495a9","hash":"e62174ccd07d26c310d7431492ec98eb1b4734ad"}
,"/Users/Junaid/Downloads/Full 2nd Book/Exploring_ES6/Chapter-15/Object_assign.js": {"path":"/Users/Junaid/Downloads/Full 2nd Book/Exploring_ES6/Chapter-15/Object_assign.js","statementMap":{"0":{"start":{"line":1,"column":17},"end":{"line":6,"column":1}},"1":{"start":{"line":8,"column":16},"end":{"line":12,"column":1}},"2":{"start":{"line":14,"column":11},"end":{"line":16,"column":1}},"3":{"start":{"line":17,"column":9},"end":{"line":19,"column":1}},"4":{"start":{"line":21,"column":0},"end":{"line":21,"column":62}},"5":{"start":{"line":23,"column":0},"end":{"line":23,"column":57}},"6":{"start":{"line":25,"column":0},"end":{"line":25,"column":30}}},"fnMap":{},"branchMap":{},"s":{"0":1,"1":1,"2":1,"3":1,"4":1,"5":1,"6":1},"f":{},"b":{},"_coverageSchema":"1a1c01bbd47fc00a2c39e90264f33305004495a9","hash":"df6eee6a1c84005e2f2685bfdb4b473441671801"}
,"/Users/Junaid/Downloads/Full 2nd Book/Exploring_ES6/Chapter-16/generator_method.js": {"path":"/Users/Junaid/Downloads/Full 2nd Book/Exploring_ES6/Chapter-16/generator_method.js","statementMap":{"0":{"start":{"line":3,"column":4},"end":{"line":3,"column":21}},"1":{"start":{"line":6,"column":4},"end":{"line":8,"column":5}},"2":{"start":{"line":7,"column":6},"end":{"line":7,"column":16}},"3":{"start":{"line":11,"column":16},"end":{"line":23,"column":1}},"4":{"start":{"line":12,"column":2},"end":{"line":12,"column":11}},"5":{"start":{"line":13,"column":2},"end":{"line":21,"column":3}},"6":{"start":{"line":19,"column":4},"end":{"line":19,"column":16}},"7":{"start":{"line":20,"column":4},"end":{"line":20,"column":19}},"8":{"start":{"line":22,"column":2},"end":{"line":22,"column":13}},"9":{"start":{"line":25,"column":0},"end":{"line":25,"column":29}}},"fnMap":{"0":{"name":"(anonymous_0)","decl":{"start":{"line":2,"column":2},"end":{"line":2,"column":3}},"loc":{"start":{"line":2,"column":23},"end":{"line":4,"column":3}},"line":2},"1":{"name":"(anonymous_1)","decl":{"start":{"line":5,"column":2},"end":{"line":5,"column":3}},"loc":{"start":{"line":5,"column":23},"end":{"line":9,"column":3}},"line":5},"2":{"name":"(anonymous_2)","decl":{"start":{"line":11,"column":16},"end":{"line":11,"column":17}},"loc":{"start":{"line":11,"column":22},"end":{"line":23,"column":1}},"line":11}},"branchMap":{},"s":{"0":1,"1":1,"2":4,"3":1,"4":1,"5":1,"6":4,"7":4,"8":1,"9":1},"f":{"0":1,"1":1,"2":1},"b":{},"_coverageSchema":"1a1c01bbd47fc00a2c39e90264f33305004495a9","hash":"732e3673871b4936b812290bc23408f973774418"}
,"/Users/Junaid/Downloads/Full 2nd Book/Exploring_ES6/Chapter-16/subclass.js": {"path":"/Users/Junaid/Downloads/Full 2nd Book/Exploring_ES6/Chapter-16/subclass.js","statementMap":{"0":{"start":{"line":3,"column":4},"end":{"line":3,"column":25}},"1":{"start":{"line":6,"column":4},"end":{"line":6,"column":38}},"2":{"start":{"line":12,"column":4},"end":{"line":12,"column":17}},"3":{"start":{"line":13,"column":4},"end":{"line":13,"column":21}},"4":{"start":{"line":16,"column":4},"end":{"line":16,"column":54}},"5":{"start":{"line":20,"column":0},"end":{"line":20,"column":37}},"6":{"start":{"line":21,"column":0},"end":{"line":21,"column":26}},"7":{"start":{"line":23,"column":0},"end":{"line":23,"column":27}}},"fnMap":{"0":{"name":"(anonymous_0)","decl":{"start":{"line":2,"column":2},"end":{"line":2,"column":3}},"loc":{"start":{"line":2,"column":21},"end":{"line":4,"column":3}},"line":2},"1":{"name":"(anonymous_1)","decl":{"start":{"line":5,"column":2},"end":{"line":5,"column":3}},"loc":{"start":{"line":5,"column":12},"end":{"line":7,"column":3}},"line":5},"2":{"name":"(anonymous_2)","decl":{"start":{"line":11,"column":2},"end":{"line":11,"column":3}},"loc":{"start":{"line":11,"column":26},"end":{"line":14,"column":3}},"line":11},"3":{"name":"(anonymous_3)","decl":{"start":{"line":15,"column":2},"end":{"line":15,"column":3}},"loc":{"start":{"line":15,"column":9},"end":{"line":17,"column":3}},"line":15}},"branchMap":{},"s":{"0":1,"1":2,"2":1,"3":1,"4":2,"5":1,"6":1,"7":1},"f":{"0":1,"1":2,"2":1,"3":2},"b":{},"_coverageSchema":"1a1c01bbd47fc00a2c39e90264f33305004495a9","hash":"76b9dfab7747c46298d395f38238b17c11c11224"}
,"/Users/Junaid/Downloads/Full 2nd Book/Exploring_ES6/Chapter-6/Math_functions.js": {"path":"/Users/Junaid/Downloads/Full 2nd Book/Exploring_ES6/Chapter-6/Math_functions.js","statementMap":{"0":{"start":{"line":1,"column":22},"end":{"line":16,"column":1}},"1":{"start":{"line":2,"column":2},"end":{"line":2,"column":11}},"2":{"start":{"line":3,"column":2},"end":{"line":14,"column":3}},"3":{"start":{"line":4,"column":4},"end":{"line":4,"column":48}},"4":{"start":{"line":5,"column":4},"end":{"line":5,"column":27}},"5":{"start":{"line":6,"column":4},"end":{"line":6,"column":53}},"6":{"start":{"line":7,"column":4},"end":{"line":7,"column":28}},"7":{"start":{"line":8,"column":4},"end":{"line":8,"column":53}},"8":{"start":{"line":9,"column":4},"end":{"line":9,"column":27}},"9":{"start":{"line":10,"column":4},"end":{"line":10,"column":54}},"10":{"start":{"line":11,"column":4},"end":{"line":11,"column":27}},"11":{"start":{"line":12,"column":4},"end":{"line":12,"column":56}},"12":{"start":{"line":13,"column":4},"end":{"line":13,"column":28}},"13":{"start":{"line":15,"column":2},"end":{"line":15,"column":13}},"14":{"start":{"line":18,"column":0},"end":{"line":18,"column":62}},"15":{"start":{"line":20,"column":0},"end":{"line":20,"column":31}}},"fnMap":{"0":{"name":"(anonymous_0)","decl":{"start":{"line":1,"column":22},"end":{"line":1,"column":23}},"loc":{"start":{"line":1,"column":32},"end":{"line":16,"column":1}},"line":1}},"branchMap":{},"s":{"0":1,"1":2,"2":2,"3":16,"4":16,"5":16,"6":16,"7":16,"8":16,"9":16,"10":16,"11":16,"12":16,"13":2,"14":1,"15":1},"f":{"0":2},"b":{},"_coverageSchema":"1a1c01bbd47fc00a2c39e90264f33305004495a9","hash":"03b19b8e954a341c3b22f64b36458f47abfb01ba"}
,"/Users/Junaid/Downloads/Full 2nd Book/Exploring_ES6/Chapter-6/Number_properties.js": {"path":"/Users/Junaid/Downloads/Full 2nd Book/Exploring_ES6/Chapter-6/Number_properties.js","statementMap":{"0":{"start":{"line":1,"column":25},"end":{"line":14,"column":1}},"1":{"start":{"line":2,"column":2},"end":{"line":2,"column":11}},"2":{"start":{"line":3,"column":2},"end":{"line":12,"column":3}},"3":{"start":{"line":4,"column":4},"end":{"line":4,"column":56}},"4":{"start":{"line":5,"column":4},"end":{"line":5,"column":33}},"5":{"start":{"line":6,"column":4},"end":{"line":6,"column":50}},"6":{"start":{"line":7,"column":4},"end":{"line":7,"column":30}},"7":{"start":{"line":8,"column":4},"end":{"line":8,"column":58}},"8":{"start":{"line":9,"column":4},"end":{"line":9,"column":34}},"9":{"start":{"line":10,"column":4},"end":{"line":10,"column":66}},"10":{"start":{"line":11,"column":4},"end":{"line":11,"column":38}},"11":{"start":{"line":13,"column":2},"end":{"line":13,"column":13}},"12":{"start":{"line":16,"column":0},"end":{"line":24,"column":3}},"13":{"start":{"line":26,"column":0},"end":{"line":26,"column":34}}},"fnMap":{"0":{"name":"(anonymous_0)","decl":{"start":{"line":1,"column":25},"end":{"line":1,"column":26}},"loc":{"start":{"line":1,"column":35},"end":{"line":14,"column":1}},"line":1}},"branchMap":{},"s":{"0":1,"1":2,"2":2,"3":14,"4":14,"5":14,"6":14,"7":14,"8":14,"9":14,"10":14,"11":2,"12":1,"13":1},"f":{"0":2},"b":{},"_coverageSchema":"1a1c01bbd47fc00a2c39e90264f33305004495a9","hash":"6f2902fbd46e25e9bc50bc518793023f5e5991ec"}
,"/Users/Junaid/Downloads/Full 2nd Book/Exploring_ES6/Chapter-7/Codepoint_escape.js": {"path":"/Users/Junaid/Downloads/Full 2nd Book/Exploring_ES6/Chapter-7/Codepoint_escape.js","statementMap":{"0":{"start":{"line":1,"column":26},"end":{"line":3,"column":1}},"1":{"start":{"line":2,"column":2},"end":{"line":2,"column":27}},"2":{"start":{"line":5,"column":26},"end":{"line":7,"column":1}},"3":{"start":{"line":6,"column":2},"end":{"line":6,"column":43}},"4":{"start":{"line":9,"column":0},"end":{"line":9,"column":58}}},"fnMap":{"0":{"name":"(anonymous_0)","decl":{"start":{"line":1,"column":26},"end":{"line":1,"column":27}},"loc":{"start":{"line":1,"column":46},"end":{"line":3,"column":1}},"line":1},"1":{"name":"(anonymous_1)","decl":{"start":{"line":5,"column":26},"end":{"line":5,"column":27}},"loc":{"start":{"line":5,"column":39},"end":{"line":7,"column":1}},"line":5}},"branchMap":{},"s":{"0":1,"1":1,"2":1,"3":1,"4":1},"f":{"0":1,"1":1},"b":{},"_coverageSchema":"1a1c01bbd47fc00a2c39e90264f33305004495a9","hash":"9d72515a03958edc97a202d8d6998314fe08ab83"}
,"/Users/Junaid/Downloads/Full 2nd Book/Exploring_ES6/Chapter-8/Object_iterator.js": {"path":"/Users/Junaid/Downloads/Full 2nd Book/Exploring_ES6/Chapter-8/Object_iterator.js","statementMap":{"0":{"start":{"line":1,"column":10},"end":{"line":17,"column":1}},"1":{"start":{"line":5,"column":16},"end":{"line":5,"column":17}},"2":{"start":{"line":6,"column":16},"end":{"line":6,"column":20}},"3":{"start":{"line":7,"column":4},"end":{"line":15,"column":6}},"4":{"start":{"line":9,"column":8},"end":{"line":13,"column":9}},"5":{"start":{"line":10,"column":10},"end":{"line":10,"column":48}},"6":{"start":{"line":12,"column":10},"end":{"line":12,"column":32}},"7":{"start":{"line":18,"column":13},"end":{"line":24,"column":1}},"8":{"start":{"line":19,"column":12},"end":{"line":19,"column":14}},"9":{"start":{"line":20,"column":2},"end":{"line":22,"column":3}},"10":{"start":{"line":21,"column":4},"end":{"line":21,"column":16}},"11":{"start":{"line":23,"column":2},"end":{"line":23,"column":13}},"12":{"start":{"line":25,"column":0},"end":{"line":25,"column":27}}},"fnMap":{"0":{"name":"(anonymous_0)","decl":{"start":{"line":4,"column":2},"end":{"line":4,"column":3}},"loc":{"start":{"line":4,"column":22},"end":{"line":16,"column":3}},"line":4},"1":{"name":"(anonymous_1)","decl":{"start":{"line":8,"column":6},"end":{"line":8,"column":7}},"loc":{"start":{"line":8,"column":13},"end":{"line":14,"column":7}},"line":8},"2":{"name":"(anonymous_2)","decl":{"start":{"line":18,"column":13},"end":{"line":18,"column":14}},"loc":{"start":{"line":18,"column":19},"end":{"line":24,"column":1}},"line":18}},"branchMap":{"0":{"loc":{"start":{"line":9,"column":8},"end":{"line":13,"column":9}},"type":"if","locations":[{"start":{"line":9,"column":8},"end":{"line":13,"column":9}},{"start":{"line":9,"column":8},"end":{"line":13,"column":9}}],"line":9}},"s":{"0":1,"1":1,"2":1,"3":1,"4":4,"5":3,"6":1,"7":1,"8":1,"9":1,"10":3,"11":1,"12":1},"f":{"0":1,"1":4,"2":1},"b":{"0":[3,1]},"_coverageSchema":"1a1c01bbd47fc00a2c39e90264f33305004495a9","hash":"a95e6741c035eafb2dbba62ed8f3c42c2e9f7977"}
,"/Users/Junaid/Downloads/Full 2nd Book/Exploring_ES6/Chapter-8/Symbol.js": {"path":"/Users/Junaid/Downloads/Full 2nd Book/Exploring_ES6/Chapter-8/Symbol.js","statementMap":{"0":{"start":{"line":2,"column":14},"end":{"line":2,"column":72}},"1":{"start":{"line":3,"column":14},"end":{"line":3,"column":72}},"2":{"start":{"line":5,"column":0},"end":{"line":11,"column":2}},"3":{"start":{"line":9,"column":4},"end":{"line":9,"column":35}},"4":{"start":{"line":14,"column":20},"end":{"line":14,"column":49}},"5":{"start":{"line":14,"column":36},"end":{"line":14,"column":49}},"6":{"start":{"line":16,"column":0},"end":{"line":21,"column":2}}},"fnMap":{"0":{"name":"(anonymous_0)","decl":{"start":{"line":8,"column":2},"end":{"line":8,"column":3}},"loc":{"start":{"line":8,"column":12},"end":{"line":10,"column":3}},"line":8},"1":{"name":"(anonymous_1)","decl":{"start":{"line":14,"column":20},"end":{"line":14,"column":21}},"loc":{"start":{"line":14,"column":36},"end":{"line":14,"column":49}},"line":14}},"branchMap":{},"s":{"0":1,"1":1,"2":1,"3":1,"4":1,"5":1,"6":1},"f":{"0":1,"1":1},"b":{},"_coverageSchema":"1a1c01bbd47fc00a2c39e90264f33305004495a9","hash":"5fa8edd0a49ae20756a0451276f754555f8c356a"}
,"/Users/Junaid/Downloads/Full 2nd Book/Exploring_ES6/Chapter-8/jsonStringify.js": {"path":"/Users/Junaid/Downloads/Full 2nd Book/Exploring_ES6/Chapter-8/jsonStringify.js","statementMap":{"0":{"start":{"line":2,"column":2},"end":{"line":4,"column":3}},"1":{"start":{"line":3,"column":4},"end":{"line":3,"column":46}},"2":{"start":{"line":5,"column":2},"end":{"line":5,"column":15}},"3":{"start":{"line":8,"column":18},"end":{"line":8,"column":50}},"4":{"start":{"line":9,"column":10},"end":{"line":9,"column":46}},"5":{"start":{"line":11,"column":0},"end":{"line":11,"column":41}}},"fnMap":{"0":{"name":"symbolReplacer","decl":{"start":{"line":1,"column":9},"end":{"line":1,"column":23}},"loc":{"start":{"line":1,"column":36},"end":{"line":6,"column":1}},"line":1}},"branchMap":{"0":{"loc":{"start":{"line":2,"column":2},"end":{"line":4,"column":3}},"type":"if","locations":[{"start":{"line":2,"column":2},"end":{"line":4,"column":3}},{"start":{"line":2,"column":2},"end":{"line":4,"column":3}}],"line":2}},"s":{"0":4,"1":1,"2":3,"3":1,"4":1,"5":1},"f":{"0":4},"b":{"0":[1,3]},"_coverageSchema":"1a1c01bbd47fc00a2c39e90264f33305004495a9","hash":"0c3f2d69e565523d7fd3afccda788538f65ae64f"}
,"/Users/Junaid/Downloads/Full 2nd Book/Exploring_ES6/Chapter-9/Tagged_functions.js": {"path":"/Users/Junaid/Downloads/Full 2nd Book/Exploring_ES6/Chapter-9/Tagged_functions.js","statementMap":{"0":{"start":{"line":2,"column":2},"end":{"line":2,"column":60}},"1":{"start":{"line":3,"column":2},"end":{"line":3,"column":45}},"2":{"start":{"line":6,"column":16},"end":{"line":6,"column":25}},"3":{"start":{"line":7,"column":15},"end":{"line":7,"column":24}},"4":{"start":{"line":9,"column":0},"end":{"line":9,"column":57}}},"fnMap":{"0":{"name":"taggedFunction","decl":{"start":{"line":1,"column":9},"end":{"line":1,"column":23}},"loc":{"start":{"line":1,"column":49},"end":{"line":4,"column":1}},"line":1}},"branchMap":{},"s":{"0":1,"1":1,"2":1,"3":1,"4":1},"f":{"0":1},"b":{},"_coverageSchema":"1a1c01bbd47fc00a2c39e90264f33305004495a9","hash":"f747c7c9aa5b92e3f2238327a58591b557439732"}
,"/Users/Junaid/Downloads/Full 2nd Book/Exploring_ES6/Chapter-9/Template_literals.js": {"path":"/Users/Junaid/Downloads/Full 2nd Book/Exploring_ES6/Chapter-9/Template_literals.js","statementMap":{"0":{"start":{"line":2,"column":2},"end":{"line":4,"column":53}},"1":{"start":{"line":7,"column":0},"end":{"line":7,"column":37}}},"fnMap":{"0":{"name":"templateLiteral","decl":{"start":{"line":1,"column":9},"end":{"line":1,"column":24}},"loc":{"start":{"line":1,"column":46},"end":{"line":5,"column":1}},"line":1}},"branchMap":{},"s":{"0":1,"1":1},"f":{"0":1},"b":{},"_coverageSchema":"1a1c01bbd47fc00a2c39e90264f33305004495a9","hash":"3eb59cc5eda52f35969f1bdf2c96bef9bb30b5b5"}
}
