{"/Users/Junaid/Downloads/Full 2nd Book/Exploring_ES6/Chapter-6/Math_functions.js": {"path":"/Users/Junaid/Downloads/Full 2nd Book/Exploring_ES6/Chapter-6/Math_functions.js","statementMap":{"0":{"start":{"line":1,"column":22},"end":{"line":16,"column":1}},"1":{"start":{"line":2,"column":2},"end":{"line":2,"column":11}},"2":{"start":{"line":3,"column":2},"end":{"line":14,"column":3}},"3":{"start":{"line":4,"column":4},"end":{"line":4,"column":48}},"4":{"start":{"line":5,"column":4},"end":{"line":5,"column":27}},"5":{"start":{"line":6,"column":4},"end":{"line":6,"column":53}},"6":{"start":{"line":7,"column":4},"end":{"line":7,"column":28}},"7":{"start":{"line":8,"column":4},"end":{"line":8,"column":53}},"8":{"start":{"line":9,"column":4},"end":{"line":9,"column":27}},"9":{"start":{"line":10,"column":4},"end":{"line":10,"column":54}},"10":{"start":{"line":11,"column":4},"end":{"line":11,"column":27}},"11":{"start":{"line":12,"column":4},"end":{"line":12,"column":56}},"12":{"start":{"line":13,"column":4},"end":{"line":13,"column":28}},"13":{"start":{"line":15,"column":2},"end":{"line":15,"column":13}},"14":{"start":{"line":18,"column":0},"end":{"line":18,"column":62}},"15":{"start":{"line":20,"column":0},"end":{"line":20,"column":31}}},"fnMap":{"0":{"name":"(anonymous_0)","decl":{"start":{"line":1,"column":22},"end":{"line":1,"column":23}},"loc":{"start":{"line":1,"column":32},"end":{"line":16,"column":1}},"line":1}},"branchMap":{},"s":{"0":1,"1":2,"2":2,"3":16,"4":16,"5":16,"6":16,"7":16,"8":16,"9":16,"10":16,"11":16,"12":16,"13":2,"14":1,"15":1},"f":{"0":2},"b":{},"_coverageSchema":"1a1c01bbd47fc00a2c39e90264f33305004495a9","hash":"03b19b8e954a341c3b22f64b36458f47abfb01ba"}
,"/Users/Junaid/Downloads/Full 2nd Book/Exploring_ES6/Chapter-6/Number_properties.js": {"path":"/Users/Junaid/Downloads/Full 2nd Book/Exploring_ES6/Chapter-6/Number_properties.js","statementMap":{"0":{"start":{"line":1,"column":25},"end":{"line":14,"column":1}},"1":{"start":{"line":2,"column":2},"end":{"line":2,"column":11}},"2":{"start":{"line":3,"column":2},"end":{"line":12,"column":3}},"3":{"start":{"line":4,"column":4},"end":{"line":4,"column":56}},"4":{"start":{"line":5,"column":4},"end":{"line":5,"column":33}},"5":{"start":{"line":6,"column":4},"end":{"line":6,"column":50}},"6":{"start":{"line":7,"column":4},"end":{"line":7,"column":30}},"7":{"start":{"line":8,"column":4},"end":{"line":8,"column":58}},"8":{"start":{"line":9,"column":4},"end":{"line":9,"column":34}},"9":{"start":{"line":10,"column":4},"end":{"line":10,"column":66}},"10":{"start":{"line":11,"column":4},"end":{"line":11,"column":38}},"11":{"start":{"line":13,"column":2},"end":{"line":13,"column":13}},"12":{"start":{"line":16,"column":0},"end":{"line":24,"column":3}},"13":{"start":{"line":26,"column":0},"end":{"line":26,"column":34}}},"fnMap":{"0":{"name":"(anonymous_0)","decl":{"start":{"line":1,"column":25},"end":{"line":1,"column":26}},"loc":{"start":{"line":1,"column":35},"end":{"line":14,"column":1}},"line":1}},"branchMap":{},"s":{"0":1,"1":2,"2":2,"3":14,"4":14,"5":14,"6":14,"7":14,"8":14,"9":14,"10":14,"11":2,"12":1,"13":1},"f":{"0":2},"b":{},"_coverageSchema":"1a1c01bbd47fc00a2c39e90264f33305004495a9","hash":"6f2902fbd46e25e9bc50bc518793023f5e5991ec"}
,"/Users/Junaid/Downloads/Full 2nd Book/Exploring_ES6/Chapter-7/Codepoint_escape.js": {"path":"/Users/Junaid/Downloads/Full 2nd Book/Exploring_ES6/Chapter-7/Codepoint_escape.js","statementMap":{"0":{"start":{"line":1,"column":26},"end":{"line":3,"column":1}},"1":{"start":{"line":2,"column":2},"end":{"line":2,"column":27}},"2":{"start":{"line":5,"column":26},"end":{"line":7,"column":1}},"3":{"start":{"line":6,"column":2},"end":{"line":6,"column":43}},"4":{"start":{"line":9,"column":0},"end":{"line":9,"column":58}}},"fnMap":{"0":{"name":"(anonymous_0)","decl":{"start":{"line":1,"column":26},"end":{"line":1,"column":27}},"loc":{"start":{"line":1,"column":46},"end":{"line":3,"column":1}},"line":1},"1":{"name":"(anonymous_1)","decl":{"start":{"line":5,"column":26},"end":{"line":5,"column":27}},"loc":{"start":{"line":5,"column":39},"end":{"line":7,"column":1}},"line":5}},"branchMap":{},"s":{"0":1,"1":1,"2":1,"3":1,"4":1},"f":{"0":1,"1":1},"b":{},"_coverageSchema":"1a1c01bbd47fc00a2c39e90264f33305004495a9","hash":"9d72515a03958edc97a202d8d6998314fe08ab83"}
,"/Users/Junaid/Downloads/Full 2nd Book/Exploring_ES6/Chapter-8/Object_iterator.js": {"path":"/Users/Junaid/Downloads/Full 2nd Book/Exploring_ES6/Chapter-8/Object_iterator.js","statementMap":{"0":{"start":{"line":1,"column":10},"end":{"line":17,"column":1}},"1":{"start":{"line":5,"column":16},"end":{"line":5,"column":17}},"2":{"start":{"line":6,"column":16},"end":{"line":6,"column":20}},"3":{"start":{"line":7,"column":4},"end":{"line":15,"column":6}},"4":{"start":{"line":9,"column":8},"end":{"line":13,"column":9}},"5":{"start":{"line":10,"column":10},"end":{"line":10,"column":48}},"6":{"start":{"line":12,"column":10},"end":{"line":12,"column":32}},"7":{"start":{"line":18,"column":13},"end":{"line":24,"column":1}},"8":{"start":{"line":19,"column":12},"end":{"line":19,"column":14}},"9":{"start":{"line":20,"column":2},"end":{"line":22,"column":3}},"10":{"start":{"line":21,"column":4},"end":{"line":21,"column":16}},"11":{"start":{"line":23,"column":2},"end":{"line":23,"column":13}},"12":{"start":{"line":25,"column":0},"end":{"line":25,"column":27}}},"fnMap":{"0":{"name":"(anonymous_0)","decl":{"start":{"line":4,"column":2},"end":{"line":4,"column":3}},"loc":{"start":{"line":4,"column":22},"end":{"line":16,"column":3}},"line":4},"1":{"name":"(anonymous_1)","decl":{"start":{"line":8,"column":6},"end":{"line":8,"column":7}},"loc":{"start":{"line":8,"column":13},"end":{"line":14,"column":7}},"line":8},"2":{"name":"(anonymous_2)","decl":{"start":{"line":18,"column":13},"end":{"line":18,"column":14}},"loc":{"start":{"line":18,"column":19},"end":{"line":24,"column":1}},"line":18}},"branchMap":{"0":{"loc":{"start":{"line":9,"column":8},"end":{"line":13,"column":9}},"type":"if","locations":[{"start":{"line":9,"column":8},"end":{"line":13,"column":9}},{"start":{"line":9,"column":8},"end":{"line":13,"column":9}}],"line":9}},"s":{"0":1,"1":1,"2":1,"3":1,"4":4,"5":3,"6":1,"7":1,"8":1,"9":1,"10":3,"11":1,"12":1},"f":{"0":1,"1":4,"2":1},"b":{"0":[3,1]},"_coverageSchema":"1a1c01bbd47fc00a2c39e90264f33305004495a9","hash":"a95e6741c035eafb2dbba62ed8f3c42c2e9f7977"}
,"/Users/Junaid/Downloads/Full 2nd Book/Exploring_ES6/Chapter-8/Symbol.js": {"path":"/Users/Junaid/Downloads/Full 2nd Book/Exploring_ES6/Chapter-8/Symbol.js","statementMap":{"0":{"start":{"line":2,"column":14},"end":{"line":2,"column":72}},"1":{"start":{"line":3,"column":14},"end":{"line":3,"column":72}},"2":{"start":{"line":5,"column":0},"end":{"line":11,"column":2}},"3":{"start":{"line":9,"column":4},"end":{"line":9,"column":35}},"4":{"start":{"line":14,"column":20},"end":{"line":14,"column":49}},"5":{"start":{"line":14,"column":36},"end":{"line":14,"column":49}},"6":{"start":{"line":16,"column":0},"end":{"line":21,"column":2}}},"fnMap":{"0":{"name":"(anonymous_0)","decl":{"start":{"line":8,"column":2},"end":{"line":8,"column":3}},"loc":{"start":{"line":8,"column":12},"end":{"line":10,"column":3}},"line":8},"1":{"name":"(anonymous_1)","decl":{"start":{"line":14,"column":20},"end":{"line":14,"column":21}},"loc":{"start":{"line":14,"column":36},"end":{"line":14,"column":49}},"line":14}},"branchMap":{},"s":{"0":1,"1":1,"2":1,"3":1,"4":1,"5":1,"6":1},"f":{"0":1,"1":1},"b":{},"_coverageSchema":"1a1c01bbd47fc00a2c39e90264f33305004495a9","hash":"5fa8edd0a49ae20756a0451276f754555f8c356a"}
,"/Users/Junaid/Downloads/Full 2nd Book/Exploring_ES6/Chapter-8/jsonStringify.js": {"path":"/Users/Junaid/Downloads/Full 2nd Book/Exploring_ES6/Chapter-8/jsonStringify.js","statementMap":{"0":{"start":{"line":2,"column":2},"end":{"line":4,"column":3}},"1":{"start":{"line":3,"column":4},"end":{"line":3,"column":46}},"2":{"start":{"line":5,"column":2},"end":{"line":5,"column":15}},"3":{"start":{"line":8,"column":18},"end":{"line":8,"column":50}},"4":{"start":{"line":9,"column":10},"end":{"line":9,"column":46}},"5":{"start":{"line":11,"column":0},"end":{"line":11,"column":41}}},"fnMap":{"0":{"name":"symbolReplacer","decl":{"start":{"line":1,"column":9},"end":{"line":1,"column":23}},"loc":{"start":{"line":1,"column":36},"end":{"line":6,"column":1}},"line":1}},"branchMap":{"0":{"loc":{"start":{"line":2,"column":2},"end":{"line":4,"column":3}},"type":"if","locations":[{"start":{"line":2,"column":2},"end":{"line":4,"column":3}},{"start":{"line":2,"column":2},"end":{"line":4,"column":3}}],"line":2}},"s":{"0":4,"1":1,"2":3,"3":1,"4":1,"5":1},"f":{"0":4},"b":{"0":[1,3]},"_coverageSchema":"1a1c01bbd47fc00a2c39e90264f33305004495a9","hash":"0c3f2d69e565523d7fd3afccda788538f65ae64f"}
,"/Users/Junaid/Downloads/Full 2nd Book/Exploring_ES6/Chapter-9/Tagged_functions.js": {"path":"/Users/Junaid/Downloads/Full 2nd Book/Exploring_ES6/Chapter-9/Tagged_functions.js","statementMap":{"0":{"start":{"line":2,"column":2},"end":{"line":2,"column":60}},"1":{"start":{"line":3,"column":2},"end":{"line":3,"column":45}},"2":{"start":{"line":6,"column":16},"end":{"line":6,"column":25}},"3":{"start":{"line":7,"column":15},"end":{"line":7,"column":24}},"4":{"start":{"line":9,"column":0},"end":{"line":9,"column":57}}},"fnMap":{"0":{"name":"taggedFunction","decl":{"start":{"line":1,"column":9},"end":{"line":1,"column":23}},"loc":{"start":{"line":1,"column":49},"end":{"line":4,"column":1}},"line":1}},"branchMap":{},"s":{"0":1,"1":1,"2":1,"3":1,"4":1},"f":{"0":1},"b":{},"_coverageSchema":"1a1c01bbd47fc00a2c39e90264f33305004495a9","hash":"f747c7c9aa5b92e3f2238327a58591b557439732"}
,"/Users/Junaid/Downloads/Full 2nd Book/Exploring_ES6/Chapter-9/Template_literals.js": {"path":"/Users/Junaid/Downloads/Full 2nd Book/Exploring_ES6/Chapter-9/Template_literals.js","statementMap":{"0":{"start":{"line":2,"column":2},"end":{"line":4,"column":53}},"1":{"start":{"line":7,"column":0},"end":{"line":7,"column":37}}},"fnMap":{"0":{"name":"templateLiteral","decl":{"start":{"line":1,"column":9},"end":{"line":1,"column":24}},"loc":{"start":{"line":1,"column":46},"end":{"line":5,"column":1}},"line":1}},"branchMap":{},"s":{"0":1,"1":1},"f":{"0":1},"b":{},"_coverageSchema":"1a1c01bbd47fc00a2c39e90264f33305004495a9","hash":"3eb59cc5eda52f35969f1bdf2c96bef9bb30b5b5"}
}
