TN:
SF:Chapter-6/Math_functions.js
FN:1,(anonymous_0)
FNF:1
FNH:1
FNDA:2,(anonymous_0)
DA:1,1
DA:2,2
DA:3,2
DA:4,16
DA:5,16
DA:6,16
DA:7,16
DA:8,16
DA:9,16
DA:10,16
DA:11,16
DA:12,16
DA:13,16
DA:15,2
DA:18,1
DA:20,1
LF:16
LH:16
BRF:0
BRH:0
end_of_record
TN:
SF:Chapter-6/Number_properties.js
FN:1,(anonymous_0)
FNF:1
FNH:1
FNDA:2,(anonymous_0)
DA:1,1
DA:2,2
DA:3,2
DA:4,14
DA:5,14
DA:6,14
DA:7,14
DA:8,14
DA:9,14
DA:10,14
DA:11,14
DA:13,2
DA:16,1
DA:26,1
LF:14
LH:14
BRF:0
BRH:0
end_of_record
TN:
SF:Chapter-7/Codepoint_escape.js
FN:1,(anonymous_0)
FN:5,(anonymous_1)
FNF:2
FNH:2
FNDA:1,(anonymous_0)
FNDA:1,(anonymous_1)
DA:1,1
DA:2,1
DA:5,1
DA:6,1
DA:9,1
LF:5
LH:5
BRF:0
BRH:0
end_of_record
TN:
SF:Chapter-8/Object_iterator.js
FN:4,(anonymous_0)
FN:8,(anonymous_1)
FN:18,(anonymous_2)
FNF:3
FNH:3
FNDA:1,(anonymous_0)
FNDA:4,(anonymous_1)
FNDA:1,(anonymous_2)
DA:1,1
DA:5,1
DA:6,1
DA:7,1
DA:9,4
DA:10,3
DA:12,1
DA:18,1
DA:19,1
DA:20,1
DA:21,3
DA:23,1
DA:25,1
LF:13
LH:13
BRDA:9,0,0,3
BRDA:9,0,1,1
BRF:2
BRH:2
end_of_record
TN:
SF:Chapter-8/Symbol.js
FN:8,(anonymous_0)
FN:14,(anonymous_1)
FNF:2
FNH:2
FNDA:1,(anonymous_0)
FNDA:1,(anonymous_1)
DA:2,1
DA:3,1
DA:5,1
DA:9,1
DA:14,1
DA:16,1
LF:6
LH:6
BRF:0
BRH:0
end_of_record
TN:
SF:Chapter-8/jsonStringify.js
FN:1,symbolReplacer
FNF:1
FNH:1
FNDA:4,symbolReplacer
DA:2,4
DA:3,1
DA:5,3
DA:8,1
DA:9,1
DA:11,1
LF:6
LH:6
BRDA:2,0,0,1
BRDA:2,0,1,3
BRF:2
BRH:2
end_of_record
TN:
SF:Chapter-9/Tagged_functions.js
FN:1,taggedFunction
FNF:1
FNH:1
FNDA:1,taggedFunction
DA:2,1
DA:3,1
DA:6,1
DA:7,1
DA:9,1
LF:5
LH:5
BRF:0
BRH:0
end_of_record
TN:
SF:Chapter-9/Template_literals.js
FN:1,templateLiteral
FNF:1
FNH:1
FNDA:1,templateLiteral
DA:2,1
DA:7,1
LF:2
LH:2
BRF:0
BRH:0
end_of_record
